0 info it worked if it ends with ok
1 verbose cli [ '/home/marcelo/.nvm/versions/node/v6.4.0/bin/node',
1 verbose cli   '/home/marcelo/.nvm/versions/node/v6.4.0/bin/npm',
1 verbose cli   'start' ]
2 info using npm@3.10.3
3 info using node@v6.4.0
4 verbose run-script [ 'prestart', 'start', 'poststart' ]
5 info lifecycle final_project@1.0.0~prestart: final_project@1.0.0
6 silly lifecycle final_project@1.0.0~prestart: no script for prestart, continuing
7 info lifecycle final_project@1.0.0~start: final_project@1.0.0
8 verbose lifecycle final_project@1.0.0~start: unsafe-perm in lifecycle true
9 verbose lifecycle final_project@1.0.0~start: PATH: /home/marcelo/.nvm/versions/node/v6.4.0/lib/node_modules/npm/bin/node-gyp-bin:/home/marcelo/Unit10_Final_Edit/node_modules/.bin:/home/marcelo/.nvm/versions/node/v6.4.0/bin:/home/marcelo/.nvm/versions/node/v6.4.0/bin:/home/marcelo/.rvm/gems/ruby-2.3.0/bin:/home/marcelo/.rvm/gems/ruby-2.3.0@global/bin:/home/marcelo/.rvm/rubies/ruby-2.3.0/bin:/usr/local/sbin:/usr/local/bin:/usr/sbin:/usr/bin:/sbin:/bin:/usr/games:/usr/local/games:/home/marcelo/.rvm/bin:/home/marcelo/.rvm/bin:/home/marcelo/.rvm/bin
10 verbose lifecycle final_project@1.0.0~start: CWD: /home/marcelo/Unit10_Final_Edit
11 silly lifecycle final_project@1.0.0~start: Args: [ '-c', 'supervisor server.js' ]
12 silly lifecycle final_project@1.0.0~start: Returned: code: 1  signal: null
13 info lifecycle final_project@1.0.0~start: Failed to exec start script
14 verbose stack Error: final_project@1.0.0 start: `supervisor server.js`
14 verbose stack Exit status 1
14 verbose stack     at EventEmitter.<anonymous> (/home/marcelo/.nvm/versions/node/v6.4.0/lib/node_modules/npm/lib/utils/lifecycle.js:242:16)
14 verbose stack     at emitTwo (events.js:106:13)
14 verbose stack     at EventEmitter.emit (events.js:191:7)
14 verbose stack     at ChildProcess.<anonymous> (/home/marcelo/.nvm/versions/node/v6.4.0/lib/node_modules/npm/lib/utils/spawn.js:40:14)
14 verbose stack     at emitTwo (events.js:106:13)
14 verbose stack     at ChildProcess.emit (events.js:191:7)
14 verbose stack     at maybeClose (internal/child_process.js:852:16)
14 verbose stack     at Process.ChildProcess._handle.onexit (internal/child_process.js:215:5)
15 verbose pkgid final_project@1.0.0
16 verbose cwd /home/marcelo/Unit10_Final_Edit
17 error Linux 3.16.0-30-generic
18 error argv "/home/marcelo/.nvm/versions/node/v6.4.0/bin/node" "/home/marcelo/.nvm/versions/node/v6.4.0/bin/npm" "start"
19 error node v6.4.0
20 error npm  v3.10.3
21 error code ELIFECYCLE
22 error final_project@1.0.0 start: `supervisor server.js`
22 error Exit status 1
23 error Failed at the final_project@1.0.0 start script 'supervisor server.js'.
23 error Make sure you have the latest version of node.js and npm installed.
23 error If you do, this is most likely a problem with the final_project package,
23 error not with npm itself.
23 error Tell the author that this fails on your system:
23 error     supervisor server.js
23 error You can get information on how to open an issue for this project with:
23 error     npm bugs final_project
23 error Or if that isn't available, you can get their info via:
23 error     npm owner ls final_project
23 error There is likely additional logging output above.
24 verbose exit [ 1, true ]
